Using pre-set license
Built from '2020.2/release' branch; Version is '2020.2.0f1 (3721df5a8b28) revision 3613151'; Using compiler version '192528614'; Build Type 'Release'
OS: 'Windows 10  (10.0.0) 64bit' Language: 'pt' Physical Memory: 16318 MB
BatchMode: 1, IsHumanControllingUs: 0, StartBugReporterOnCrash: 0, Is64bit: 1, IsPro: 0

 COMMAND LINE ARGUMENTS:
D:\Unity\2020.2.0f1\Editor\Unity.exe
-adb2
-batchMode
-noUpm
-name
AssetImportWorker0
-projectPath
F:/Git/UnityDeveloperConsole
-logFile
Logs/AssetImportWorker0.log
-srvPort
56455
Successfully changed project path to: F:/Git/UnityDeveloperConsole
F:/Git/UnityDeveloperConsole
Using Asset Import Pipeline V2.
Refreshing native plugins compatible for Editor in 43.00 ms, found 0 plugins.
Preloading 0 native plugins for Editor in 0.00 ms.
Initialize engine version: 2020.2.0f1 (3721df5a8b28)
[Subsystems] Discovering subsystems at path D:/Unity/2020.2.0f1/Editor/Data/Resources/UnitySubsystems
[Subsystems] Discovering subsystems at path F:/Git/UnityDeveloperConsole/Assets
GfxDevice: creating device client; threaded=0
Direct3D:
    Version:  Direct3D 11.0 [level 11.1]
    Renderer: NVIDIA GeForce GTX 1070 Ti (ID=0x1b82)
    Vendor:   
    VRAM:     8079 MB
    Driver:   27.21.14.6079
Initialize mono
Mono path[0] = 'D:/Unity/2020.2.0f1/Editor/Data/Managed'
Mono path[1] = 'D:/Unity/2020.2.0f1/Editor/Data/MonoBleedingEdge/lib/mono/unityjit'
Mono config path = 'D:/Unity/2020.2.0f1/Editor/Data/MonoBleedingEdge/etc'
Using monoOptions --debugger-agent=transport=dt_socket,embedding=1,server=y,suspend=n,address=127.0.0.1:56556
Begin MonoManager ReloadAssembly
Registering precompiled unity dll's ...
Register platform support module: D:/Unity/2020.2.0f1/Editor/Data/PlaybackEngines/WebGLSupport/UnityEditor.WebGL.Extensions.dll
Register platform support module: D:/Unity/2020.2.0f1/Editor/Data/PlaybackEngines/WindowsStandaloneSupport/UnityEditor.WindowsStandalone.Extensions.dll
Registered in 0.000949 seconds.
Native extension for WindowsStandalone target not found
Native extension for WebGL target not found
Refreshing native plugins compatible for Editor in 36.10 ms, found 0 plugins.
Preloading 0 native plugins for Editor in 0.00 ms.
Invoked RoslynAnalysisRunner static constructor.
RoslynAnalysisRunner will not be running.
RoslynAnalysisRunner has terminated.
Mono: successfully reloaded assembly
- Completed reload, in  0.732 seconds
Platform modules already initialized, skipping
Registering precompiled user dll's ...
Registered in 0.002851 seconds.
Begin MonoManager ReloadAssembly
Native extension for WindowsStandalone target not found
Native extension for WebGL target not found
Refreshing native plugins compatible for Editor in 0.34 ms, found 0 plugins.
Preloading 0 native plugins for Editor in 0.00 ms.
Invoked RoslynAnalysisRunner static constructor.
RoslynAnalysisRunner will not be running.
RoslynAnalysisRunner has terminated.
Mono: successfully reloaded assembly
- Completed reload, in  0.769 seconds
Platform modules already initialized, skipping
========================================================================
Worker process is ready to serve import requests
Launched and connected shader compiler UnityShaderCompiler.exe after 0.02 seconds
Refreshing native plugins compatible for Editor in 0.30 ms, found 0 plugins.
Preloading 0 native plugins for Editor in 0.00 ms.
Unloading 1474 Unused Serialized files (Serialized files now loaded: 0)
System memory in use before: 66.2 MB.
System memory in use after: 66.2 MB.

Unloading 34 unused Assets to reduce memory usage. Loaded Objects now: 1900.
Total: 1.497000 ms (FindLiveObjects: 0.133100 ms CreateObjectMapping: 0.045300 ms MarkObjects: 1.277700 ms  DeleteObjects: 0.040200 ms)

========================================================================
Received Import Request.
  path: Assets
  artifactKey: Guid(00000000000000001000000000000000) Importer(815301076,1909f56bfc062723c751e8b465ee728b)
Start importing Assets using Guid(00000000000000001000000000000000) Importer(815301076,1909f56bfc062723c751e8b465ee728b)  -> (artifact id: 'b41cfa13f056e58f64cf5f3363de7353') in 0.004051 seconds
  Import took 0.005837 seconds .

========================================================================
Received Import Request.
  Time since last request: 0.000212 seconds.
  path: Assets/Scripts/Models/Input/ConsoleInputDetectorModelHelper.cs
  artifactKey: Guid(2b1a56ed35e492f4991e3d00dd331f72) Importer(815301076,1909f56bfc062723c751e8b465ee728b)
Start importing Assets/Scripts/Models/Input/ConsoleInputDetectorModelHelper.cs using Guid(2b1a56ed35e492f4991e3d00dd331f72) Importer(815301076,1909f56bfc062723c751e8b465ee728b)  -> (artifact id: '39cc2f2c9dbdbd6bdbef405add072e11') in 0.017640 seconds
  Import took 0.019366 seconds .

========================================================================
Received Import Request.
  Time since last request: 21.463950 seconds.
  path: Assets/Scripts/Models/Console/IConsoleModel.cs
  artifactKey: Guid(1c3555e80da16304b9906a553c214183) Importer(815301076,1909f56bfc062723c751e8b465ee728b)
Start importing Assets/Scripts/Models/Console/IConsoleModel.cs using Guid(1c3555e80da16304b9906a553c214183) Importer(815301076,1909f56bfc062723c751e8b465ee728b)  -> (artifact id: 'ba9e3b9666576f9190e77e736da68746') in 0.002107 seconds
  Import took 0.004054 seconds .

========================================================================
Received Import Request.
  Time since last request: 478.200243 seconds.
  path: Assets/Scripts/Models/Console/IConsoleOutputModel.cs
  artifactKey: Guid(1f8dc6bfe828dc540b67d3952a4ed52a) Importer(815301076,1909f56bfc062723c751e8b465ee728b)
Start importing Assets/Scripts/Models/Console/IConsoleOutputModel.cs using Guid(1f8dc6bfe828dc540b67d3952a4ed52a) Importer(815301076,1909f56bfc062723c751e8b465ee728b)  -> (artifact id: '574be852583465cb16959e72486ff8eb') in 0.003209 seconds
  Import took 0.005445 seconds .

